app/build/intermediates/manifest_merge_blame_file/release/manifest-merger-blame-release-report.txt
1<?xml version="1.0" encoding="utf-8"?>
2<manifest xmlns:android="http://schemas.android.com/apk/res/android"
3    package="com.zebra.pdfprint"
4    android:versionCode="1"
5    android:versionName="1.0" >
6
7    <uses-sdk
8        android:minSdkVersion="19"
8-->src/main/AndroidManifest.xml
9        android:targetSdkVersion="31" />
9-->src/main/AndroidManifest.xml
10
11    <uses-permission android:name="android.permission.BLUETOOTH" />
11-->src/main/AndroidManifest.xml:5:5-68
11-->src/main/AndroidManifest.xml:5:22-65
12    <uses-permission android:name="android.permission.BLUETOOTH_ADMIN" />
12-->src/main/AndroidManifest.xml:6:5-74
12-->src/main/AndroidManifest.xml:6:22-71
13    <uses-permission android:name="android.permission.READ_EXTERNAL_STORAGE" />
13-->src/main/AndroidManifest.xml:8:5-80
13-->src/main/AndroidManifest.xml:8:22-77
14    <uses-permission android:name="android.permission.ACCESS_COARSE_LOCATION" />
14-->src/main/AndroidManifest.xml:9:5-81
14-->src/main/AndroidManifest.xml:9:22-78
15    <uses-permission android:name="android.permission.ACCESS_FINE_LOCATION" />
15-->src/main/AndroidManifest.xml:10:5-79
15-->src/main/AndroidManifest.xml:10:22-76
16
17    <application
17-->src/main/AndroidManifest.xml:13:5-26:19
18        android:allowBackup="true"
18-->src/main/AndroidManifest.xml:14:9-35
19        android:icon="@mipmap/ic_launcher"
19-->src/main/AndroidManifest.xml:15:9-43
20        android:label="@string/app_name"
20-->src/main/AndroidManifest.xml:16:9-41
21        android:supportsRtl="true"
21-->src/main/AndroidManifest.xml:17:9-35
22        android:theme="@style/AppTheme" >
22-->src/main/AndroidManifest.xml:18:9-40
23        <activity
23-->src/main/AndroidManifest.xml:19:9-25:20
24            android:name="com.zebra.pdfprint.MainActivity"
24-->src/main/AndroidManifest.xml:19:19-47
25            android:exported="true" >
25-->src/main/AndroidManifest.xml:20:13-36
26            <intent-filter>
26-->src/main/AndroidManifest.xml:21:13-24:29
27                <action android:name="android.intent.action.MAIN" />
27-->src/main/AndroidManifest.xml:22:17-69
27-->src/main/AndroidManifest.xml:22:25-66
28
29                <category android:name="android.intent.category.LAUNCHER" />
29-->src/main/AndroidManifest.xml:23:17-77
29-->src/main/AndroidManifest.xml:23:27-74
30            </intent-filter>
31        </activity>
32    </application>
33
34</manifest>